GET/
GET/css/bootstrap.min.css
GET/css/custom.css
GET/jquery/jquery-2.1.4.min.js
GET/node_modules/angular/angular.js
GET/node_modules/angular-route/angular-route.js
GET/node_modules/angular-jwt/dist/angular-jwt.js
GET/angular-app/app.js
GET/angular-app/hotel-display/hotel-display-controller.js
GET/angular-app/hotel-list/hotel-list-controller.js
GET/angular-app/hotel-data-factory/hotel-data-factory.js
GET/angular-app/hotel-rating/hotel-rating-directive.js
GET/angular-app/register/register-controller.js
GET/angular-app/navigation-directive/navigation-directive.js
GET/angular-app/login/login-controller.js
GET/angular-app/auth/auth-factory.js
GET/angular-app/auth/auth-interceptor.js
GET/angular-app/navigation-directive/navigation-directive.html
GET/angular-app/main/main.html
GET/vendor/bootstrap/css/bootstrap.min.css
GET/vendor/jquery/jquery.min.js?_=1492644643683
GET/css/creative.min.css
GET/vendor/magnific-popup/magnific-popup.css
GET/vendor/bootstrap/js/bootstrap.min.js?_=1492644643684
GET/vendor/scrollreveal/scrollreveal.min.js?_=1492644643686
GET/vendor/magnific-popup/jquery.magnific-popup.min.js?_=1492644643687
GET/js/creative.min.js?_=1492644643688
GET/img/header.jpg
GET/angular-app/hotel-list/hotels.html
GET/api/hotels?count=10
GET/
GET/css/bootstrap.min.css
GET/css/custom.css
GET/jquery/jquery-2.1.4.min.js
GET/node_modules/angular/angular.js
GET/node_modules/angular-route/angular-route.js
GET/node_modules/angular-jwt/dist/angular-jwt.js
GET/angular-app/app.js
GET/angular-app/hotel-list/hotel-list-controller.js
GET/angular-app/hotel-display/hotel-display-controller.js
GET/angular-app/hotel-data-factory/hotel-data-factory.js
GET/angular-app/register/register-controller.js
GET/angular-app/hotel-rating/hotel-rating-directive.js
GET/angular-app/navigation-directive/navigation-directive.js
GET/angular-app/login/login-controller.js
GET/angular-app/auth/auth-factory.js
GET/angular-app/auth/auth-interceptor.js
GET/angular-app/navigation-directive/navigation-directive.html
GET/angular-app/hotel-list/hotels.html
GET/api/hotels?count=10
GET/angular-app/hotel-display/hotel.html
GET/api/hotels/58d2f8e3734d1d60cee8c0ac
GET/api/hotels/58d2f8e3734d1d60cee8c0ac
GET/fonts/glyphicons-halflings-regular.woff2
GET/
GET/css/bootstrap.min.css
GET/css/custom.css
GET/jquery/jquery-2.1.4.min.js
GET/node_modules/angular/angular.js
GET/node_modules/angular-route/angular-route.js
GET/node_modules/angular-jwt/dist/angular-jwt.js
GET/angular-app/app.js
GET/angular-app/hotel-list/hotel-list-controller.js
GET/angular-app/hotel-display/hotel-display-controller.js
GET/angular-app/hotel-data-factory/hotel-data-factory.js
GET/angular-app/hotel-rating/hotel-rating-directive.js
GET/angular-app/register/register-controller.js
GET/angular-app/navigation-directive/navigation-directive.js
GET/angular-app/login/login-controller.js
GET/angular-app/auth/auth-factory.js
GET/angular-app/auth/auth-interceptor.js
GET/angular-app/navigation-directive/navigation-directive.html
GET/angular-app/main/main.html
GET/vendor/bootstrap/css/bootstrap.min.css
GET/css/creative.min.css
GET/vendor/magnific-popup/magnific-popup.css
GET/vendor/jquery/jquery.min.js?_=1492645283941
GET/vendor/bootstrap/js/bootstrap.min.js?_=1492645283942
GET/vendor/scrollreveal/scrollreveal.min.js?_=1492645283944
GET/vendor/magnific-popup/jquery.magnific-popup.min.js?_=1492645283945
GET/js/creative.min.js?_=1492645283946
GET/img/header.jpg
POST/api/users/login
GET/angular-app/hotel-list/hotels.html
GET/api/hotels?count=10
GET/
GET/css/bootstrap.min.css
GET/css/custom.css
GET/jquery/jquery-2.1.4.min.js
GET/node_modules/angular-route/angular-route.js
GET/node_modules/angular-jwt/dist/angular-jwt.js
GET/node_modules/angular/angular.js
GET/angular-app/app.js
GET/angular-app/hotel-display/hotel-display-controller.js
GET/angular-app/hotel-data-factory/hotel-data-factory.js
GET/angular-app/hotel-rating/hotel-rating-directive.js
GET/angular-app/hotel-list/hotel-list-controller.js
GET/angular-app/register/register-controller.js
GET/angular-app/navigation-directive/navigation-directive.js
GET/angular-app/login/login-controller.js
GET/angular-app/auth/auth-factory.js
GET/angular-app/auth/auth-interceptor.js
GET/angular-app/navigation-directive/navigation-directive.html
GET/angular-app/main/main.html
GET/vendor/bootstrap/css/bootstrap.min.css
GET/vendor/magnific-popup/magnific-popup.css
GET/css/creative.min.css
GET/vendor/jquery/jquery.min.js?_=1492645409823
GET/vendor/bootstrap/js/bootstrap.min.js?_=1492645409824
GET/vendor/scrollreveal/scrollreveal.min.js?_=1492645409826
GET/vendor/magnific-popup/jquery.magnific-popup.min.js?_=1492645409827
GET/js/creative.min.js?_=1492645409828
GET/img/header.jpg
GET/angular-app/hotel-list/hotels.html
GET/api/hotels?count=10
GET/angular-app/hotel-display/hotel.html
GET/api/hotels/58d2dfc1734d1d60cee8b3c0
GET/api/hotels/58d2dfc1734d1d60cee8b3c0
GET/fonts/glyphicons-halflings-regular.woff2
GET/favicon.ico
